(node:10420) Warning: Supplying "ephemeral" for interaction response options is deprecated. Utilize flags instead.
(Use `node --trace-warnings ...` to show where the warning was created)
^C(node:11132) Warning: Supplying "ephemeral" for interaction response options is deprecated. Utilize flags instead.
(Use `node --trace-warnings ...` to show where the warning was created)
node:internal/process/promises:391
    triggerUncaughtException(err, true /* fromPromise */);
    ^

Error: getaddrinfo ENOTFOUND discord.com
    at GetAddrInfoReqWrap.onlookupall [as oncomplete] (node:dns:122:26) {
  errno: -3008,
  code: 'ENOTFOUND',
  syscall: 'getaddrinfo',
  hostname: 'discord.com'
}

Node.js v20.19.5
node:internal/process/promises:391
    triggerUncaughtException(err, true /* fromPromise */);
    ^

Error: getaddrinfo ENOTFOUND discord.com
    at GetAddrInfoReqWrap.onlookupall [as oncomplete] (node:dns:122:26) {
  errno: -3008,
  code: 'ENOTFOUND',
  syscall: 'getaddrinfo',
  hostname: 'discord.com'
}

Node.js v20.19.5
node:internal/process/promises:391
    triggerUncaughtException(err, true /* fromPromise */);
    ^

Error: getaddrinfo ENOTFOUND discord.com
    at GetAddrInfoReqWrap.onlookupall [as oncomplete] (node:dns:122:26) {
  errno: -3008,
  code: 'ENOTFOUND',
  syscall: 'getaddrinfo',
  hostname: 'discord.com'
}

Node.js v20.19.5
(node:16012) Warning: Supplying "ephemeral" for interaction response options is deprecated. Utilize flags instead.
(Use `node --trace-warnings ...` to show where the warning was created)
The system cannot find the path specified.
The system cannot find the path specified.
The system cannot find the path specified.
